QAflisp - FLISP Absolute crossassembler, Version 1.0
(c) GMV 1989-2015


File: echo.lst
                        1. ;
                        2. ;	Skriva tecken till terminal
                        3. ;	
FB                      4. OUT			EQU		$FB
FC                      5. IN			EQU		$FC
                        6. 
20                      7. 			ORG		$20
20 92 20                8. Echo:			LDSP		#$20
22 34 28                9. Echo_1:			JSR		TerminalIn
24 34 33               10. 			JSR		TerminalOut
26 33 22               11. 			JMP		Echo_1
                       12. 
28 F1 FC               13. TerminalIn:		LDA		IN
2A 97 00               14. 			CMPA		#$00
2C 24 FA               15. 			BEQ		TerminalIn
2E 90 00               16. 			LDX		#$00
30 30 FB               17. 			STX		OUT
32 43                  18. 			RTS
                       19. 
33 E1 FB               20. TerminalOut:		STA 		OUT
35 43                  21. 			RTS
                       22. 
                       23. 
36 48 65 6C 6C 6F 20   24. Text:			FCS		"Hello World"
     57 6F 72 6C 64   
41 00                  25. 			FCB		0